info: Demo project at: 5000! {"timestamp":"2024-02-01T03:23:24.204Z"}
error: Example or error log {"timestamp":"2024-02-01T03:23:24.206Z"}
info: Demo project at: 5000! {"timestamp":"2024-02-01T08:33:39.840Z"}
error: Example or error log {"timestamp":"2024-02-01T08:33:39.843Z"}
info: Demo project at: 5000! {"timestamp":"2024-02-01T08:34:25.976Z"}
error: Example or error log {"timestamp":"2024-02-01T08:34:25.978Z"}
info: Demo project at: 5000! {"timestamp":"2024-02-01T08:35:56.510Z"}
error: Example or error log {"timestamp":"2024-02-01T08:35:56.512Z"}
info: Demo project at: 5000! {"timestamp":"2024-02-01T08:36:17.803Z"}
error: Example or error log {"timestamp":"2024-02-01T08:36:17.806Z"}
info: Demo project at: 5000! {"timestamp":"2024-02-01T08:36:40.720Z"}
error: Example or error log {"timestamp":"2024-02-01T08:36:40.722Z"}
info: Demo project at: 5000! {"timestamp":"2024-02-01T08:39:30.796Z"}
error: Example or error log {"timestamp":"2024-02-01T08:39:30.798Z"}
2024-02-01T08:57:53.094Z [info]: Demo project at: 5000!
2024-02-01T08:57:53.097Z [error]: Example or error log
info: Demo project at: 5000! {"timestamp":"2024-02-01T08:59:27.080Z"}
error: Example or error log {"timestamp":"2024-02-01T08:59:27.082Z"}
info: Demo project at: 5000! {"timestamp":"2024-02-01T12:18:06.811Z"}
error: Example or error log {"timestamp":"2024-02-01T12:18:06.813Z"}
info: Demo project at: 5000! {"timestamp":"2024-02-01T12:28:59.455Z"}
error: Example or error log {"timestamp":"2024-02-01T12:28:59.457Z"}
info: Demo project at: 5000! {"timestamp":"2024-02-01T12:30:53.128Z"}
error: Example or error log {"timestamp":"2024-02-01T12:30:53.130Z"}
[32m[32minfo[32m: [32mDemo project at: 5000![32m {"timestamp":"2024-02-01T12:47:26.868Z"}[39m
[31m[31merror[31m: [31mExample or error log[31m {"timestamp":"2024-02-01T12:47:26.870Z"}[39m
[32minfo[39m: [32mDemo project at: 5000![39m {"timestamp":"2024-02-01T12:49:48.436Z"}
[31merror[39m: [31mExample or error log[39m {"timestamp":"2024-02-01T12:49:48.438Z"}
